2014-12-07 16:27:33,527 [Worker-2] INFO  o.e.m.c.i.l.LifecycleMappingFactory - Using org.maven.ide.eclipse.wtp.WarLifecycleMapping lifecycle mapping for MavenProject: appEducacionalVaadin:appEducacionalVaadin:0.0.1-SNAPSHOT @ E:\Dropbox\git\tfg-vaadin\appEducacionalVaadin\pom.xml.
2014-12-07 16:28:06,849 [Worker-2] WARN  o.e.m.c.i.embedder.EclipseLogger - The artifact org.apache.commons:commons-io:jar:1.3.2 has been relocated to commons-io:commons-io:jar:1.3.2
2014-12-07 16:28:40,960 [Worker-2] WARN  o.e.m.c.i.embedder.EclipseLogger - The artifact org.apache.commons:commons-io:jar:1.3.2 has been relocated to commons-io:commons-io:jar:1.3.2
2014-12-07 16:28:46,069 [Worker-2] INFO  o.e.m.j.i.AbstractJavaProjectConfigurator - Adding source folder /appEducacionalVaadin/src/main/java
2014-12-07 16:28:46,069 [Worker-2] INFO  o.e.m.j.i.AbstractJavaProjectConfigurator - Adding resource folder /appEducacionalVaadin/src/main/resources
2014-12-07 16:28:46,069 [Worker-2] INFO  o.e.m.j.i.AbstractJavaProjectConfigurator - Adding source folder /appEducacionalVaadin/src/test/java
2014-12-07 16:28:46,069 [Worker-2] INFO  o.e.m.j.i.AbstractJavaProjectConfigurator - Resources folder /appEducacionalVaadin/src/test/resources overlaps with sources folder /appEducacionalVaadin/src/test/resources
2014-12-07 16:28:48,569 [Worker-2] ERROR o.e.m2e.wtp.WTPProjectConfigurator - Unable to configure appEducacionalVaadin
org.eclipse.m2e.wtp.MarkedException: Unable to configure appEducacionalVaadin
	at org.eclipse.m2e.wtp.AbstractProjectConfiguratorDelegate.configureProject(AbstractProjectConfiguratorDelegate.java:97) ~[na:na]
	at org.eclipse.m2e.wtp.WTPProjectConfigurator.configure(WTPProjectConfigurator.java:70) ~[na:na]
	at org.eclipse.m2e.core.project.configurator.AbstractLifecycleMapping.configure(AbstractLifecycleMapping.java:120) [org.eclipse.m2e.core_1.5.0.20140606-0033.jar:na]
	at org.eclipse.m2e.core.internal.project.ProjectConfigurationManager$3.call(ProjectConfigurationManager.java:477) [org.eclipse.m2e.core_1.5.0.20140606-0033.jar:na]
	at org.eclipse.m2e.core.internal.project.ProjectConfigurationManager$3.call(ProjectConfigurationManager.java:1) [org.eclipse.m2e.core_1.5.0.20140606-0033.jar:na]
	at org.eclipse.m2e.core.internal.embedder.MavenExecutionContext.executeBare(MavenExecutionContext.java:166) [org.eclipse.m2e.core_1.5.0.20140606-0033.jar:na]
	at org.eclipse.m2e.core.internal.embedder.MavenExecutionContext.execute(MavenExecutionContext.java:142) [org.eclipse.m2e.core_1.5.0.20140606-0033.jar:na]
	at org.eclipse.m2e.core.internal.project.ProjectConfigurationManager.updateProjectConfiguration(ProjectConfigurationManager.java:470) [org.eclipse.m2e.core_1.5.0.20140606-0033.jar:na]
	at org.eclipse.m2e.core.internal.project.ProjectConfigurationManager.configureNewMavenProjects(ProjectConfigurationManager.java:250) [org.eclipse.m2e.core_1.5.0.20140606-0033.jar:na]
	at org.eclipse.m2e.core.internal.project.ProjectConfigurationManager$1.call(ProjectConfigurationManager.java:163) [org.eclipse.m2e.core_1.5.0.20140606-0033.jar:na]
	at org.eclipse.m2e.core.internal.project.ProjectConfigurationManager$1.call(ProjectConfigurationManager.java:1) [org.eclipse.m2e.core_1.5.0.20140606-0033.jar:na]
	at org.eclipse.m2e.core.internal.embedder.MavenExecutionContext.executeBare(MavenExecutionContext.java:166) [org.eclipse.m2e.core_1.5.0.20140606-0033.jar:na]
	at org.eclipse.m2e.core.internal.embedder.MavenExecutionContext.execute(MavenExecutionContext.java:142) [org.eclipse.m2e.core_1.5.0.20140606-0033.jar:na]
	at org.eclipse.m2e.core.internal.embedder.MavenExecutionContext.execute(MavenExecutionContext.java:96) [org.eclipse.m2e.core_1.5.0.20140606-0033.jar:na]
	at org.eclipse.m2e.core.internal.embedder.MavenImpl.execute(MavenImpl.java:1348) [org.eclipse.m2e.core_1.5.0.20140606-0033.jar:na]
	at org.eclipse.m2e.core.internal.project.ProjectConfigurationManager.importProjects(ProjectConfigurationManager.java:133) [org.eclipse.m2e.core_1.5.0.20140606-0033.jar:na]
	at org.eclipse.m2e.core.ui.internal.wizards.ImportMavenProjectsJob$1.doCreateMavenProjects(ImportMavenProjectsJob.java:73) [org.eclipse.m2e.core.ui_1.5.0.20140606-0033.jar:na]
	at org.eclipse.m2e.core.ui.internal.wizards.AbstractCreateMavenProjectsOperation.run(AbstractCreateMavenProjectsOperation.java:62) [org.eclipse.m2e.core.ui_1.5.0.20140606-0033.jar:na]
	at org.eclipse.m2e.core.ui.internal.wizards.ImportMavenProjectsJob.runInWorkspace(ImportMavenProjectsJob.java:82) [org.eclipse.m2e.core.ui_1.5.0.20140606-0033.jar:na]
	at org.eclipse.core.internal.resources.InternalWorkspaceJob.run(InternalWorkspaceJob.java:38) [org.eclipse.core.resources_3.9.0.v20140514-1307.jar:na]
	at org.eclipse.core.internal.jobs.Worker.run(Worker.java:54) [org.eclipse.core.jobs_3.6.0.v20140424-0053.jar:na]
Caused by: org.eclipse.core.runtime.CoreException: One or more constraints have not been satisfied.
	at org.eclipse.wst.common.project.facet.core.internal.FacetedProject.modifyInternal(FacetedProject.java:363) ~[na:na]
	at org.eclipse.wst.common.project.facet.core.internal.FacetedProject.mergeChangesInternal(FacetedProject.java:1181) ~[na:na]
	at org.eclipse.wst.common.project.facet.core.internal.FacetedProject.access$2(FacetedProject.java:1117) ~[na:na]
	at org.eclipse.wst.common.project.facet.core.internal.FacetedProject$1.run(FacetedProject.java:324) ~[na:na]
	at org.eclipse.core.internal.resources.Workspace.run(Workspace.java:2313) ~[org.eclipse.core.resources_3.9.0.v20140514-1307.jar:na]
	at org.eclipse.wst.common.project.facet.core.internal.FacetedProject.modify(FacetedProject.java:339) ~[na:na]
	at org.eclipse.m2e.wtp.WebProjectConfiguratorDelegate.configure(WebProjectConfiguratorDelegate.java:150) ~[na:na]
	at org.eclipse.m2e.wtp.AbstractProjectConfiguratorDelegate.configureProject(AbstractProjectConfiguratorDelegate.java:93) ~[na:na]
	... 20 common frames omitted
2014-12-07 16:29:16,912 [Worker-2] INFO  o.e.m.c.i.p.ProjectConfigurationManager - Imported and configured 1 project(s) in 150 sec
2014-12-07 16:29:33,210 [Worker-14] INFO  o.e.m.c.i.l.LifecycleMappingFactory - Using org.maven.ide.eclipse.wtp.WarLifecycleMapping lifecycle mapping for MavenProject: appEducacionalVaadin:appEducacionalVaadin:0.0.1-SNAPSHOT @ E:\Dropbox\git\tfg-vaadin\appEducacionalVaadin\pom.xml.
2014-12-07 16:30:09,532 [Worker-14] WARN  o.e.m.c.i.embedder.EclipseLogger - The artifact org.apache.commons:commons-io:jar:1.3.2 has been relocated to commons-io:commons-io:jar:1.3.2
2014-12-07 16:31:49,063 [Worker-14] WARN  o.e.m.c.i.embedder.EclipseLogger - The artifact org.apache.commons:commons-io:jar:1.3.2 has been relocated to commons-io:commons-io:jar:1.3.2
2014-12-07 16:31:50,708 [Worker-14] WARN  o.e.m.c.i.embedder.EclipseLogger - The artifact org.apache.commons:commons-io:jar:1.3.2 has been relocated to commons-io:commons-io:jar:1.3.2
2014-12-07 16:32:30,456 [Worker-18] WARN  o.e.m.c.i.embedder.EclipseLogger - The artifact org.apache.commons:commons-io:jar:1.3.2 has been relocated to commons-io:commons-io:jar:1.3.2
2014-12-07 16:32:31,862 [Worker-18] INFO  o.e.m.c.i.embedder.EclipseLogger - Using 'UTF-8' encoding to copy filtered resources.
2014-12-07 16:32:31,909 [Worker-18] INFO  o.e.m.c.i.embedder.EclipseLogger - Copying 15 resources
2014-12-07 16:32:32,003 [Worker-18] INFO  o.e.m.c.i.embedder.EclipseLogger - Using 'UTF-8' encoding to copy filtered resources.
2014-12-07 16:32:32,003 [Worker-18] INFO  o.e.m.c.i.embedder.EclipseLogger - Copying 1 resource
2014-12-07 16:37:53,905 [Worker-23] INFO  o.e.m.c.i.embedder.EclipseLogger - Using 'UTF-8' encoding to copy filtered resources.
2014-12-07 16:37:53,907 [Worker-23] INFO  o.e.m.c.i.embedder.EclipseLogger - Copying 15 resources
2014-12-07 16:37:53,967 [Worker-23] INFO  o.e.m.c.i.embedder.EclipseLogger - Using 'UTF-8' encoding to copy filtered resources.
2014-12-07 16:37:53,967 [Worker-23] INFO  o.e.m.c.i.embedder.EclipseLogger - Copying 1 resource
2014-12-07 16:38:59,534 [Worker-20] INFO  o.e.m.c.i.embedder.EclipseLogger - Using 'UTF-8' encoding to copy filtered resources.
2014-12-07 16:38:59,538 [Worker-20] INFO  o.e.m.c.i.embedder.EclipseLogger - Copying 0 resource
2014-12-07 16:38:59,540 [Worker-20] INFO  o.e.m.c.i.embedder.EclipseLogger - Using 'UTF-8' encoding to copy filtered resources.
2014-12-07 16:38:59,541 [Worker-20] INFO  o.e.m.c.i.embedder.EclipseLogger - Copying 0 resource
2014-12-07 16:39:12,470 [Worker-26] INFO  o.e.m.c.i.embedder.EclipseLogger - Using 'UTF-8' encoding to copy filtered resources.
2014-12-07 16:39:12,491 [Worker-26] INFO  o.e.m.c.i.embedder.EclipseLogger - Copying 15 resources
2014-12-07 16:39:12,505 [Worker-26] INFO  o.e.m.c.i.embedder.EclipseLogger - Using 'UTF-8' encoding to copy filtered resources.
2014-12-07 16:39:12,506 [Worker-26] INFO  o.e.m.c.i.embedder.EclipseLogger - Copying 0 resource
2014-12-07 16:39:30,511 [Worker-24] INFO  o.e.m.c.i.embedder.EclipseLogger - Using 'UTF-8' encoding to copy filtered resources.
2014-12-07 16:39:30,514 [Worker-24] INFO  o.e.m.c.i.embedder.EclipseLogger - Copying 15 resources
2014-12-07 16:39:30,526 [Worker-24] INFO  o.e.m.c.i.embedder.EclipseLogger - Using 'UTF-8' encoding to copy filtered resources.
2014-12-07 16:39:30,526 [Worker-24] INFO  o.e.m.c.i.embedder.EclipseLogger - Copying 0 resource
2014-12-07 16:53:52,078 [Worker-23] INFO  o.e.m.c.i.embedder.EclipseLogger - Using 'UTF-8' encoding to copy filtered resources.
2014-12-07 16:53:52,078 [Worker-23] INFO  o.e.m.c.i.embedder.EclipseLogger - Copying 0 resource
2014-12-07 16:53:52,078 [Worker-23] INFO  o.e.m.c.i.embedder.EclipseLogger - Using 'UTF-8' encoding to copy filtered resources.
2014-12-07 16:53:52,078 [Worker-23] INFO  o.e.m.c.i.embedder.EclipseLogger - Copying 0 resource
2014-12-07 16:54:41,687 [Worker-2] INFO  o.e.m.c.i.embedder.EclipseLogger - Using 'UTF-8' encoding to copy filtered resources.
2014-12-07 16:54:41,687 [Worker-2] INFO  o.e.m.c.i.embedder.EclipseLogger - Copying 0 resource
2014-12-07 16:54:41,687 [Worker-2] INFO  o.e.m.c.i.embedder.EclipseLogger - Using 'UTF-8' encoding to copy filtered resources.
2014-12-07 16:54:41,687 [Worker-2] INFO  o.e.m.c.i.embedder.EclipseLogger - Copying 0 resource
2014-12-07 16:55:01,675 [Worker-34] INFO  o.e.m.c.i.embedder.EclipseLogger - Using 'UTF-8' encoding to copy filtered resources.
2014-12-07 16:55:01,675 [Worker-34] INFO  o.e.m.c.i.embedder.EclipseLogger - Copying 0 resource
2014-12-07 16:55:01,691 [Worker-34] INFO  o.e.m.c.i.embedder.EclipseLogger - Using 'UTF-8' encoding to copy filtered resources.
2014-12-07 16:55:01,691 [Worker-34] INFO  o.e.m.c.i.embedder.EclipseLogger - Copying 0 resource
2014-12-07 16:55:26,659 [Worker-39] INFO  o.e.m.c.i.embedder.EclipseLogger - Using 'UTF-8' encoding to copy filtered resources.
2014-12-07 16:55:26,659 [Worker-39] INFO  o.e.m.c.i.embedder.EclipseLogger - Copying 0 resource
2014-12-07 16:55:26,659 [Worker-39] INFO  o.e.m.c.i.embedder.EclipseLogger - Using 'UTF-8' encoding to copy filtered resources.
2014-12-07 16:55:26,659 [Worker-39] INFO  o.e.m.c.i.embedder.EclipseLogger - Copying 0 resource
2014-12-07 16:56:30,293 [Worker-23] INFO  o.e.m.c.i.embedder.EclipseLogger - Using 'UTF-8' encoding to copy filtered resources.
2014-12-07 16:56:30,293 [Worker-23] INFO  o.e.m.c.i.embedder.EclipseLogger - Copying 0 resource
2014-12-07 16:56:30,308 [Worker-23] INFO  o.e.m.c.i.embedder.EclipseLogger - Using 'UTF-8' encoding to copy filtered resources.
2014-12-07 16:56:30,308 [Worker-23] INFO  o.e.m.c.i.embedder.EclipseLogger - Copying 0 resource
2014-12-07 16:57:04,704 [Worker-39] INFO  o.e.m.c.i.embedder.EclipseLogger - Using 'UTF-8' encoding to copy filtered resources.
2014-12-07 16:57:04,704 [Worker-39] INFO  o.e.m.c.i.embedder.EclipseLogger - Copying 0 resource
2014-12-07 16:57:04,704 [Worker-39] INFO  o.e.m.c.i.embedder.EclipseLogger - Using 'UTF-8' encoding to copy filtered resources.
2014-12-07 16:57:04,704 [Worker-39] INFO  o.e.m.c.i.embedder.EclipseLogger - Copying 0 resource
2014-12-07 16:58:23,248 [Worker-38] INFO  o.e.m.c.i.embedder.EclipseLogger - Using 'UTF-8' encoding to copy filtered resources.
2014-12-07 16:58:23,248 [Worker-38] INFO  o.e.m.c.i.embedder.EclipseLogger - Copying 0 resource
2014-12-07 16:58:23,248 [Worker-38] INFO  o.e.m.c.i.embedder.EclipseLogger - Using 'UTF-8' encoding to copy filtered resources.
2014-12-07 16:58:23,248 [Worker-38] INFO  o.e.m.c.i.embedder.EclipseLogger - Copying 0 resource
2014-12-07 16:58:33,245 [Worker-39] INFO  o.e.m.c.i.embedder.EclipseLogger - Using 'UTF-8' encoding to copy filtered resources.
2014-12-07 16:58:33,245 [Worker-39] INFO  o.e.m.c.i.embedder.EclipseLogger - Copying 0 resource
2014-12-07 16:58:33,245 [Worker-39] INFO  o.e.m.c.i.embedder.EclipseLogger - Using 'UTF-8' encoding to copy filtered resources.
2014-12-07 16:58:33,245 [Worker-39] INFO  o.e.m.c.i.embedder.EclipseLogger - Copying 0 resource
2014-12-07 17:00:53,978 [Worker-39] INFO  o.e.m.c.i.l.LifecycleMappingFactory - Using org.maven.ide.eclipse.wtp.WarLifecycleMapping lifecycle mapping for MavenProject: appEducacionalVaadin:appEducacionalVaadin:0.0.1-SNAPSHOT @ E:\Dropbox\git\tfg-vaadin\appEducacionalVaadin\pom.xml.
2014-12-07 17:01:23,717 [Worker-39] WARN  o.e.m.c.i.embedder.EclipseLogger - The artifact org.apache.commons:commons-io:jar:1.3.2 has been relocated to commons-io:commons-io:jar:1.3.2
2014-12-07 17:01:55,126 [Worker-39] WARN  o.e.m.c.i.embedder.EclipseLogger - The artifact org.apache.commons:commons-io:jar:1.3.2 has been relocated to commons-io:commons-io:jar:1.3.2
2014-12-07 17:01:56,448 [Worker-39] WARN  o.e.m.c.i.embedder.EclipseLogger - The artifact org.apache.commons:commons-io:jar:1.3.2 has been relocated to commons-io:commons-io:jar:1.3.2
2014-12-07 17:01:59,137 [Worker-39] INFO  o.e.m.c.i.embedder.EclipseLogger - Using 'UTF-8' encoding to copy filtered resources.
2014-12-07 17:01:59,137 [Worker-39] INFO  o.e.m.c.i.embedder.EclipseLogger - Copying 0 resource
2014-12-07 17:01:59,168 [Worker-39] INFO  o.e.m.c.i.embedder.EclipseLogger - Using 'UTF-8' encoding to copy filtered resources.
2014-12-07 17:01:59,168 [Worker-39] INFO  o.e.m.c.i.embedder.EclipseLogger - Copying 0 resource
2014-12-07 17:19:32,646 [Worker-45] WARN  o.e.m.c.i.embedder.EclipseLogger - The artifact org.apache.commons:commons-io:jar:1.3.2 has been relocated to commons-io:commons-io:jar:1.3.2
2014-12-07 17:19:33,705 [Worker-45] INFO  o.e.m.c.i.embedder.EclipseLogger - Using 'UTF-8' encoding to copy filtered resources.
2014-12-07 17:19:33,706 [Worker-45] INFO  o.e.m.c.i.embedder.EclipseLogger - Copying 0 resource
2014-12-07 17:19:33,709 [Worker-45] INFO  o.e.m.c.i.embedder.EclipseLogger - Using 'UTF-8' encoding to copy filtered resources.
2014-12-07 17:19:33,710 [Worker-45] INFO  o.e.m.c.i.embedder.EclipseLogger - Copying 0 resource
2014-12-07 17:27:23,525 [Worker-51] INFO  o.e.m.c.i.embedder.EclipseLogger - Using 'UTF-8' encoding to copy filtered resources.
2014-12-07 17:27:23,525 [Worker-51] INFO  o.e.m.c.i.embedder.EclipseLogger - Copying 0 resource
2014-12-07 17:27:23,525 [Worker-51] INFO  o.e.m.c.i.embedder.EclipseLogger - Using 'UTF-8' encoding to copy filtered resources.
2014-12-07 17:27:23,525 [Worker-51] INFO  o.e.m.c.i.embedder.EclipseLogger - Copying 0 resource
2014-12-07 17:27:52,569 [Worker-44] INFO  o.e.m.c.i.embedder.EclipseLogger - Using 'UTF-8' encoding to copy filtered resources.
2014-12-07 17:27:52,569 [Worker-44] INFO  o.e.m.c.i.embedder.EclipseLogger - Copying 0 resource
2014-12-07 17:27:52,569 [Worker-44] INFO  o.e.m.c.i.embedder.EclipseLogger - Using 'UTF-8' encoding to copy filtered resources.
2014-12-07 17:27:52,569 [Worker-44] INFO  o.e.m.c.i.embedder.EclipseLogger - Copying 0 resource
2014-12-07 17:28:05,289 [Worker-51] INFO  o.e.m.c.i.embedder.EclipseLogger - Using 'UTF-8' encoding to copy filtered resources.
2014-12-07 17:28:05,289 [Worker-51] INFO  o.e.m.c.i.embedder.EclipseLogger - Copying 0 resource
2014-12-07 17:28:05,289 [Worker-51] INFO  o.e.m.c.i.embedder.EclipseLogger - Using 'UTF-8' encoding to copy filtered resources.
2014-12-07 17:28:05,289 [Worker-51] INFO  o.e.m.c.i.embedder.EclipseLogger - Copying 0 resource
2014-12-07 17:28:17,032 [Worker-54] INFO  o.e.m.c.i.embedder.EclipseLogger - Using 'UTF-8' encoding to copy filtered resources.
2014-12-07 17:28:17,032 [Worker-54] INFO  o.e.m.c.i.embedder.EclipseLogger - Copying 0 resource
2014-12-07 17:28:17,032 [Worker-54] INFO  o.e.m.c.i.embedder.EclipseLogger - Using 'UTF-8' encoding to copy filtered resources.
2014-12-07 17:28:17,032 [Worker-54] INFO  o.e.m.c.i.embedder.EclipseLogger - Copying 0 resource
2014-12-07 17:28:26,469 [Worker-44] INFO  o.e.m.c.i.embedder.EclipseLogger - Using 'UTF-8' encoding to copy filtered resources.
2014-12-07 17:28:26,469 [Worker-44] INFO  o.e.m.c.i.embedder.EclipseLogger - Copying 0 resource
2014-12-07 17:28:26,469 [Worker-44] INFO  o.e.m.c.i.embedder.EclipseLogger - Using 'UTF-8' encoding to copy filtered resources.
2014-12-07 17:28:26,469 [Worker-44] INFO  o.e.m.c.i.embedder.EclipseLogger - Copying 0 resource
2014-12-07 17:28:54,842 [Worker-55] INFO  o.e.m.c.i.embedder.EclipseLogger - Using 'UTF-8' encoding to copy filtered resources.
2014-12-07 17:28:54,842 [Worker-55] INFO  o.e.m.c.i.embedder.EclipseLogger - Copying 0 resource
2014-12-07 17:28:54,858 [Worker-55] INFO  o.e.m.c.i.embedder.EclipseLogger - Using 'UTF-8' encoding to copy filtered resources.
2014-12-07 17:28:54,858 [Worker-55] INFO  o.e.m.c.i.embedder.EclipseLogger - Copying 0 resource
2014-12-07 17:33:03,849 [Start Help Server] INFO  org.eclipse.jetty.server.Server - jetty-8.1.14.v20131031
2014-12-07 17:33:04,146 [Start Help Server] INFO  o.e.jetty.server.AbstractConnector - Started SelectChannelConnector@127.0.0.1:51501
2014-12-07 17:33:30,100 [Worker-59] INFO  o.e.m.c.i.embedder.EclipseLogger - Using 'UTF-8' encoding to copy filtered resources.
2014-12-07 17:33:30,116 [Worker-59] INFO  o.e.m.c.i.embedder.EclipseLogger - Copying 15 resources
2014-12-07 17:33:30,131 [Worker-59] INFO  o.e.m.c.i.embedder.EclipseLogger - Using 'UTF-8' encoding to copy filtered resources.
2014-12-07 17:33:30,131 [Worker-59] INFO  o.e.m.c.i.embedder.EclipseLogger - Copying 0 resource
2014-12-07 17:34:37,754 [Worker-59] INFO  o.e.m.c.i.embedder.EclipseLogger - Using 'UTF-8' encoding to copy filtered resources.
2014-12-07 17:34:37,770 [Worker-59] INFO  o.e.m.c.i.embedder.EclipseLogger - Copying 15 resources
2014-12-07 17:34:37,786 [Worker-59] INFO  o.e.m.c.i.embedder.EclipseLogger - Using 'UTF-8' encoding to copy filtered resources.
2014-12-07 17:34:37,786 [Worker-59] INFO  o.e.m.c.i.embedder.EclipseLogger - Copying 0 resource
2014-12-07 17:34:41,020 [Worker-63] INFO  o.e.m.c.i.embedder.EclipseLogger - Using 'UTF-8' encoding to copy filtered resources.
2014-12-07 17:34:41,020 [Worker-63] INFO  o.e.m.c.i.embedder.EclipseLogger - Copying 15 resources
2014-12-07 17:34:41,020 [Worker-63] INFO  o.e.m.c.i.embedder.EclipseLogger - Using 'UTF-8' encoding to copy filtered resources.
2014-12-07 17:34:41,020 [Worker-63] INFO  o.e.m.c.i.embedder.EclipseLogger - Copying 0 resource
2014-12-07 17:35:12,237 [Worker-58] INFO  o.e.m.c.i.embedder.EclipseLogger - Using 'UTF-8' encoding to copy filtered resources.
2014-12-07 17:35:12,237 [Worker-58] INFO  o.e.m.c.i.embedder.EclipseLogger - Copying 15 resources
2014-12-07 17:35:12,253 [Worker-58] INFO  o.e.m.c.i.embedder.EclipseLogger - Using 'UTF-8' encoding to copy filtered resources.
2014-12-07 17:35:12,253 [Worker-58] INFO  o.e.m.c.i.embedder.EclipseLogger - Copying 0 resource
2014-12-07 17:35:46,993 [Worker-59] INFO  o.e.m.c.i.embedder.EclipseLogger - Using 'UTF-8' encoding to copy filtered resources.
2014-12-07 17:35:46,993 [Worker-59] INFO  o.e.m.c.i.embedder.EclipseLogger - Copying 15 resources
2014-12-07 17:35:47,009 [Worker-59] INFO  o.e.m.c.i.embedder.EclipseLogger - Using 'UTF-8' encoding to copy filtered resources.
2014-12-07 17:35:47,009 [Worker-59] INFO  o.e.m.c.i.embedder.EclipseLogger - Copying 0 resource
2014-12-07 17:37:55,816 [Worker-66] INFO  o.e.m.c.i.embedder.EclipseLogger - Using 'UTF-8' encoding to copy filtered resources.
2014-12-07 17:37:55,831 [Worker-66] INFO  o.e.m.c.i.embedder.EclipseLogger - Copying 15 resources
2014-12-07 17:37:55,831 [Worker-66] INFO  o.e.m.c.i.embedder.EclipseLogger - Using 'UTF-8' encoding to copy filtered resources.
2014-12-07 17:37:55,831 [Worker-66] INFO  o.e.m.c.i.embedder.EclipseLogger - Copying 0 resource
2014-12-07 17:38:13,281 [Worker-70] INFO  o.e.m.c.i.embedder.EclipseLogger - Using 'UTF-8' encoding to copy filtered resources.
2014-12-07 17:38:13,281 [Worker-70] INFO  o.e.m.c.i.embedder.EclipseLogger - Copying 15 resources
2014-12-07 17:38:13,281 [Worker-70] INFO  o.e.m.c.i.embedder.EclipseLogger - Using 'UTF-8' encoding to copy filtered resources.
2014-12-07 17:38:13,281 [Worker-70] INFO  o.e.m.c.i.embedder.EclipseLogger - Copying 0 resource
2014-12-07 17:38:24,525 [Worker-52] INFO  o.e.m.c.i.embedder.EclipseLogger - Using 'UTF-8' encoding to copy filtered resources.
2014-12-07 17:38:24,540 [Worker-52] INFO  o.e.m.c.i.embedder.EclipseLogger - Copying 15 resources
2014-12-07 17:38:24,540 [Worker-52] INFO  o.e.m.c.i.embedder.EclipseLogger - Using 'UTF-8' encoding to copy filtered resources.
2014-12-07 17:38:24,540 [Worker-52] INFO  o.e.m.c.i.embedder.EclipseLogger - Copying 0 resource
2014-12-07 17:39:27,122 [Worker-52] INFO  o.e.m.c.i.embedder.EclipseLogger - Using 'UTF-8' encoding to copy filtered resources.
2014-12-07 17:39:27,122 [Worker-52] INFO  o.e.m.c.i.embedder.EclipseLogger - Copying 15 resources
2014-12-07 17:39:27,138 [Worker-52] INFO  o.e.m.c.i.embedder.EclipseLogger - Using 'UTF-8' encoding to copy filtered resources.
2014-12-07 17:39:27,138 [Worker-52] INFO  o.e.m.c.i.embedder.EclipseLogger - Copying 0 resource
2014-12-07 17:41:00,014 [Worker-72] INFO  o.e.m.c.i.embedder.EclipseLogger - Using 'UTF-8' encoding to copy filtered resources.
2014-12-07 17:41:00,030 [Worker-72] INFO  o.e.m.c.i.embedder.EclipseLogger - Copying 15 resources
2014-12-07 17:41:00,030 [Worker-72] INFO  o.e.m.c.i.embedder.EclipseLogger - Using 'UTF-8' encoding to copy filtered resources.
2014-12-07 17:41:00,030 [Worker-72] INFO  o.e.m.c.i.embedder.EclipseLogger - Copying 0 resource
2014-12-07 17:41:09,738 [Worker-73] INFO  o.e.m.c.i.embedder.EclipseLogger - Using 'UTF-8' encoding to copy filtered resources.
2014-12-07 17:41:09,754 [Worker-73] INFO  o.e.m.c.i.embedder.EclipseLogger - Copying 15 resources
2014-12-07 17:41:09,754 [Worker-73] INFO  o.e.m.c.i.embedder.EclipseLogger - Using 'UTF-8' encoding to copy filtered resources.
2014-12-07 17:41:09,754 [Worker-73] INFO  o.e.m.c.i.embedder.EclipseLogger - Copying 0 resource
2014-12-07 17:41:47,366 [Worker-72] INFO  o.e.m.c.i.embedder.EclipseLogger - Using 'UTF-8' encoding to copy filtered resources.
2014-12-07 17:41:47,366 [Worker-72] INFO  o.e.m.c.i.embedder.EclipseLogger - Copying 15 resources
2014-12-07 17:41:47,382 [Worker-72] INFO  o.e.m.c.i.embedder.EclipseLogger - Using 'UTF-8' encoding to copy filtered resources.
2014-12-07 17:41:47,382 [Worker-72] INFO  o.e.m.c.i.embedder.EclipseLogger - Copying 0 resource
2014-12-07 17:41:58,211 [Worker-67] INFO  o.e.m.c.i.embedder.EclipseLogger - Using 'UTF-8' encoding to copy filtered resources.
2014-12-07 17:41:58,211 [Worker-67] INFO  o.e.m.c.i.embedder.EclipseLogger - Copying 15 resources
2014-12-07 17:41:58,211 [Worker-67] INFO  o.e.m.c.i.embedder.EclipseLogger - Using 'UTF-8' encoding to copy filtered resources.
2014-12-07 17:41:58,211 [Worker-67] INFO  o.e.m.c.i.embedder.EclipseLogger - Copying 0 resource
2014-12-07 17:45:07,915 [Worker-68] INFO  o.e.m.c.i.embedder.EclipseLogger - Using 'UTF-8' encoding to copy filtered resources.
2014-12-07 17:45:07,915 [Worker-68] INFO  o.e.m.c.i.embedder.EclipseLogger - Copying 15 resources
2014-12-07 17:45:07,931 [Worker-68] INFO  o.e.m.c.i.embedder.EclipseLogger - Using 'UTF-8' encoding to copy filtered resources.
2014-12-07 17:45:07,931 [Worker-68] INFO  o.e.m.c.i.embedder.EclipseLogger - Copying 0 resource
2014-12-07 17:54:03,606 [Worker-76] INFO  o.e.m.c.i.embedder.EclipseLogger - Using 'UTF-8' encoding to copy filtered resources.
2014-12-07 17:54:03,606 [Worker-76] INFO  o.e.m.c.i.embedder.EclipseLogger - Copying 15 resources
2014-12-07 17:54:03,622 [Worker-76] INFO  o.e.m.c.i.embedder.EclipseLogger - Using 'UTF-8' encoding to copy filtered resources.
2014-12-07 17:54:03,622 [Worker-76] INFO  o.e.m.c.i.embedder.EclipseLogger - Copying 0 resource
2014-12-07 17:54:44,193 [Worker-80] INFO  o.e.m.c.i.embedder.EclipseLogger - Using 'UTF-8' encoding to copy filtered resources.
2014-12-07 17:54:44,193 [Worker-80] INFO  o.e.m.c.i.embedder.EclipseLogger - Copying 0 resource
2014-12-07 17:54:44,193 [Worker-80] INFO  o.e.m.c.i.embedder.EclipseLogger - Using 'UTF-8' encoding to copy filtered resources.
2014-12-07 17:54:44,193 [Worker-80] INFO  o.e.m.c.i.embedder.EclipseLogger - Copying 0 resource
2014-12-07 18:00:23,097 [Worker-85] INFO  o.e.m.c.i.embedder.EclipseLogger - Using 'UTF-8' encoding to copy filtered resources.
2014-12-07 18:00:23,097 [Worker-85] INFO  o.e.m.c.i.embedder.EclipseLogger - Copying 0 resource
2014-12-07 18:00:23,097 [Worker-85] INFO  o.e.m.c.i.embedder.EclipseLogger - Using 'UTF-8' encoding to copy filtered resources.
2014-12-07 18:00:23,097 [Worker-85] INFO  o.e.m.c.i.embedder.EclipseLogger - Copying 0 resource
2014-12-07 18:01:37,381 [Worker-85] INFO  o.e.m.c.i.embedder.EclipseLogger - Using 'UTF-8' encoding to copy filtered resources.
2014-12-07 18:01:37,381 [Worker-85] INFO  o.e.m.c.i.embedder.EclipseLogger - Copying 0 resource
2014-12-07 18:01:37,381 [Worker-85] INFO  o.e.m.c.i.embedder.EclipseLogger - Using 'UTF-8' encoding to copy filtered resources.
2014-12-07 18:01:37,381 [Worker-85] INFO  o.e.m.c.i.embedder.EclipseLogger - Copying 0 resource
2014-12-07 18:02:24,980 [Worker-91] INFO  o.e.m.c.i.embedder.EclipseLogger - Using 'UTF-8' encoding to copy filtered resources.
2014-12-07 18:02:24,980 [Worker-91] INFO  o.e.m.c.i.embedder.EclipseLogger - Copying 15 resources
2014-12-07 18:02:24,996 [Worker-91] INFO  o.e.m.c.i.embedder.EclipseLogger - Using 'UTF-8' encoding to copy filtered resources.
2014-12-07 18:02:24,996 [Worker-91] INFO  o.e.m.c.i.embedder.EclipseLogger - Copying 0 resource
2014-12-07 18:08:45,757 [Worker-94] INFO  o.e.m.c.i.embedder.EclipseLogger - Using 'UTF-8' encoding to copy filtered resources.
2014-12-07 18:08:45,773 [Worker-94] INFO  o.e.m.c.i.embedder.EclipseLogger - Copying 15 resources
2014-12-07 18:08:45,773 [Worker-94] INFO  o.e.m.c.i.embedder.EclipseLogger - Using 'UTF-8' encoding to copy filtered resources.
2014-12-07 18:08:45,773 [Worker-94] INFO  o.e.m.c.i.embedder.EclipseLogger - Copying 0 resource
2014-12-07 18:12:14,734 [Worker-102] INFO  o.e.m.c.i.embedder.EclipseLogger - Using 'UTF-8' encoding to copy filtered resources.
2014-12-07 18:12:14,750 [Worker-102] INFO  o.e.m.c.i.embedder.EclipseLogger - Copying 15 resources
2014-12-07 18:12:14,766 [Worker-102] INFO  o.e.m.c.i.embedder.EclipseLogger - Using 'UTF-8' encoding to copy filtered resources.
2014-12-07 18:12:14,766 [Worker-102] INFO  o.e.m.c.i.embedder.EclipseLogger - Copying 0 resource
2014-12-07 18:12:20,494 [Worker-99] INFO  o.e.m.c.i.embedder.EclipseLogger - Using 'UTF-8' encoding to copy filtered resources.
2014-12-07 18:12:20,494 [Worker-99] INFO  o.e.m.c.i.embedder.EclipseLogger - Copying 15 resources
2014-12-07 18:12:20,494 [Worker-99] INFO  o.e.m.c.i.embedder.EclipseLogger - Using 'UTF-8' encoding to copy filtered resources.
2014-12-07 18:12:20,494 [Worker-99] INFO  o.e.m.c.i.embedder.EclipseLogger - Copying 0 resource
2014-12-07 18:12:44,553 [Worker-100] INFO  o.e.m.c.i.embedder.EclipseLogger - Using 'UTF-8' encoding to copy filtered resources.
2014-12-07 18:12:44,553 [Worker-100] INFO  o.e.m.c.i.embedder.EclipseLogger - Copying 15 resources
2014-12-07 18:12:44,568 [Worker-100] INFO  o.e.m.c.i.embedder.EclipseLogger - Using 'UTF-8' encoding to copy filtered resources.
2014-12-07 18:12:44,568 [Worker-100] INFO  o.e.m.c.i.embedder.EclipseLogger - Copying 0 resource
2014-12-07 18:13:42,811 [Worker-94] INFO  o.e.m.c.i.embedder.EclipseLogger - Using 'UTF-8' encoding to copy filtered resources.
2014-12-07 18:13:42,811 [Worker-94] INFO  o.e.m.c.i.embedder.EclipseLogger - Copying 15 resources
2014-12-07 18:13:42,826 [Worker-94] INFO  o.e.m.c.i.embedder.EclipseLogger - Using 'UTF-8' encoding to copy filtered resources.
2014-12-07 18:13:42,826 [Worker-94] INFO  o.e.m.c.i.embedder.EclipseLogger - Copying 0 resource
2014-12-07 18:14:35,815 [Worker-99] INFO  o.e.m.c.i.embedder.EclipseLogger - Using 'UTF-8' encoding to copy filtered resources.
2014-12-07 18:14:35,815 [Worker-99] INFO  o.e.m.c.i.embedder.EclipseLogger - Copying 15 resources
2014-12-07 18:14:35,830 [Worker-99] INFO  o.e.m.c.i.embedder.EclipseLogger - Using 'UTF-8' encoding to copy filtered resources.
2014-12-07 18:14:35,830 [Worker-99] INFO  o.e.m.c.i.embedder.EclipseLogger - Copying 0 resource
2014-12-07 18:14:41,440 [Worker-99] INFO  o.e.m.c.i.embedder.EclipseLogger - Using 'UTF-8' encoding to copy filtered resources.
2014-12-07 18:14:41,440 [Worker-99] INFO  o.e.m.c.i.embedder.EclipseLogger - Copying 15 resources
2014-12-07 18:14:41,456 [Worker-99] INFO  o.e.m.c.i.embedder.EclipseLogger - Using 'UTF-8' encoding to copy filtered resources.
2014-12-07 18:14:41,456 [Worker-99] INFO  o.e.m.c.i.embedder.EclipseLogger - Copying 0 resource
2014-12-07 18:28:54,143 [Worker-114] INFO  o.e.m.c.i.embedder.EclipseLogger - Using 'UTF-8' encoding to copy filtered resources.
2014-12-07 18:28:54,143 [Worker-114] INFO  o.e.m.c.i.embedder.EclipseLogger - Copying 15 resources
2014-12-07 18:28:54,159 [Worker-114] INFO  o.e.m.c.i.embedder.EclipseLogger - Using 'UTF-8' encoding to copy filtered resources.
2014-12-07 18:28:54,159 [Worker-114] INFO  o.e.m.c.i.embedder.EclipseLogger - Copying 0 resource
2014-12-07 18:29:04,324 [Worker-111] INFO  o.e.m.c.i.embedder.EclipseLogger - Using 'UTF-8' encoding to copy filtered resources.
2014-12-07 18:29:04,340 [Worker-111] INFO  o.e.m.c.i.embedder.EclipseLogger - Copying 15 resources
2014-12-07 18:29:04,355 [Worker-111] INFO  o.e.m.c.i.embedder.EclipseLogger - Using 'UTF-8' encoding to copy filtered resources.
2014-12-07 18:29:04,355 [Worker-111] INFO  o.e.m.c.i.embedder.EclipseLogger - Copying 0 resource
2014-12-07 18:29:12,655 [Worker-114] INFO  o.e.m.c.i.embedder.EclipseLogger - Using 'UTF-8' encoding to copy filtered resources.
2014-12-07 18:29:12,655 [Worker-114] INFO  o.e.m.c.i.embedder.EclipseLogger - Copying 15 resources
2014-12-07 18:29:12,670 [Worker-114] INFO  o.e.m.c.i.embedder.EclipseLogger - Using 'UTF-8' encoding to copy filtered resources.
2014-12-07 18:29:12,670 [Worker-114] INFO  o.e.m.c.i.embedder.EclipseLogger - Copying 0 resource
2014-12-07 18:29:28,899 [Worker-111] INFO  o.e.m.c.i.embedder.EclipseLogger - Using 'UTF-8' encoding to copy filtered resources.
2014-12-07 18:29:28,899 [Worker-111] INFO  o.e.m.c.i.embedder.EclipseLogger - Copying 15 resources
2014-12-07 18:29:28,914 [Worker-111] INFO  o.e.m.c.i.embedder.EclipseLogger - Using 'UTF-8' encoding to copy filtered resources.
2014-12-07 18:29:28,914 [Worker-111] INFO  o.e.m.c.i.embedder.EclipseLogger - Copying 0 resource
2014-12-07 18:29:35,596 [Worker-110] INFO  o.e.m.c.i.embedder.EclipseLogger - Using 'UTF-8' encoding to copy filtered resources.
2014-12-07 18:29:35,596 [Worker-110] INFO  o.e.m.c.i.embedder.EclipseLogger - Copying 15 resources
2014-12-07 18:29:35,612 [Worker-110] INFO  o.e.m.c.i.embedder.EclipseLogger - Using 'UTF-8' encoding to copy filtered resources.
2014-12-07 18:29:35,612 [Worker-110] INFO  o.e.m.c.i.embedder.EclipseLogger - Copying 0 resource
2014-12-07 18:30:22,855 [Worker-107] INFO  o.e.m.c.i.embedder.EclipseLogger - Using 'UTF-8' encoding to copy filtered resources.
2014-12-07 18:30:22,871 [Worker-107] INFO  o.e.m.c.i.embedder.EclipseLogger - Copying 15 resources
2014-12-07 18:30:22,871 [Worker-107] INFO  o.e.m.c.i.embedder.EclipseLogger - Using 'UTF-8' encoding to copy filtered resources.
2014-12-07 18:30:22,871 [Worker-107] INFO  o.e.m.c.i.embedder.EclipseLogger - Copying 0 resource
2014-12-07 18:30:52,583 [Worker-119] INFO  o.e.m.c.i.embedder.EclipseLogger - Using 'UTF-8' encoding to copy filtered resources.
2014-12-07 18:30:52,583 [Worker-119] INFO  o.e.m.c.i.embedder.EclipseLogger - Copying 15 resources
2014-12-07 18:30:52,598 [Worker-119] INFO  o.e.m.c.i.embedder.EclipseLogger - Using 'UTF-8' encoding to copy filtered resources.
2014-12-07 18:30:52,598 [Worker-119] INFO  o.e.m.c.i.embedder.EclipseLogger - Copying 0 resource
2014-12-07 18:31:30,693 [Worker-119] INFO  o.e.m.c.i.embedder.EclipseLogger - Using 'UTF-8' encoding to copy filtered resources.
2014-12-07 18:31:30,693 [Worker-119] INFO  o.e.m.c.i.embedder.EclipseLogger - Copying 15 resources
2014-12-07 18:31:30,709 [Worker-119] INFO  o.e.m.c.i.embedder.EclipseLogger - Using 'UTF-8' encoding to copy filtered resources.
2014-12-07 18:31:30,709 [Worker-119] INFO  o.e.m.c.i.embedder.EclipseLogger - Copying 0 resource
2014-12-07 18:34:25,237 [Worker-120] INFO  o.e.m.c.i.embedder.EclipseLogger - Using 'UTF-8' encoding to copy filtered resources.
2014-12-07 18:34:25,252 [Worker-120] INFO  o.e.m.c.i.embedder.EclipseLogger - Copying 15 resources
2014-12-07 18:34:25,252 [Worker-120] INFO  o.e.m.c.i.embedder.EclipseLogger - Using 'UTF-8' encoding to copy filtered resources.
2014-12-07 18:34:25,252 [Worker-120] INFO  o.e.m.c.i.embedder.EclipseLogger - Copying 0 resource
2014-12-10 20:46:43,664 [Stop Help Server] INFO  o.e.j.server.handler.ContextHandler - stopped o.e.j.s.ServletContextHandler{/help,null}
2014-12-18 12:38:36,434 [Worker-1] WARN  o.e.m.c.i.embedder.EclipseLogger - The artifact org.apache.commons:commons-io:jar:1.3.2 has been relocated to commons-io:commons-io:jar:1.3.2
2014-12-18 12:38:44,794 [Worker-1] INFO  o.e.m.c.i.embedder.EclipseLogger - Using 'UTF-8' encoding to copy filtered resources.
2014-12-18 12:38:44,802 [Worker-1] INFO  o.e.m.c.i.embedder.EclipseLogger - Copying 15 resources
2014-12-18 12:38:44,834 [Worker-1] INFO  o.e.m.c.i.embedder.EclipseLogger - Using 'UTF-8' encoding to copy filtered resources.
2014-12-18 12:38:44,834 [Worker-1] INFO  o.e.m.c.i.embedder.EclipseLogger - Copying 1 resource
2014-12-18 14:36:03,117 [Worker-1] INFO  o.e.m.c.i.embedder.EclipseLogger - Using 'UTF-8' encoding to copy filtered resources.
2014-12-18 14:36:03,117 [Worker-1] INFO  o.e.m.c.i.embedder.EclipseLogger - Copying 0 resource
2014-12-18 14:36:03,132 [Worker-1] INFO  o.e.m.c.i.embedder.EclipseLogger - Using 'UTF-8' encoding to copy filtered resources.
2014-12-18 14:36:03,132 [Worker-1] INFO  o.e.m.c.i.embedder.EclipseLogger - Copying 0 resource
2014-12-18 14:38:10,988 [Worker-1] INFO  o.e.m.c.i.embedder.EclipseLogger - Using 'UTF-8' encoding to copy filtered resources.
2014-12-18 14:38:11,004 [Worker-1] INFO  o.e.m.c.i.embedder.EclipseLogger - Copying 0 resource
2014-12-18 14:38:11,004 [Worker-1] INFO  o.e.m.c.i.embedder.EclipseLogger - Using 'UTF-8' encoding to copy filtered resources.
2014-12-18 14:38:11,004 [Worker-1] INFO  o.e.m.c.i.embedder.EclipseLogger - Copying 0 resource
2014-12-18 14:39:20,440 [Worker-23] INFO  o.e.m.c.i.embedder.EclipseLogger - Using 'UTF-8' encoding to copy filtered resources.
2014-12-18 14:39:20,440 [Worker-23] INFO  o.e.m.c.i.embedder.EclipseLogger - Copying 0 resource
2014-12-18 14:39:20,440 [Worker-23] INFO  o.e.m.c.i.embedder.EclipseLogger - Using 'UTF-8' encoding to copy filtered resources.
2014-12-18 14:39:20,440 [Worker-23] INFO  o.e.m.c.i.embedder.EclipseLogger - Copying 0 resource
2014-12-18 14:39:46,556 [Worker-1] INFO  o.e.m.c.i.embedder.EclipseLogger - Using 'UTF-8' encoding to copy filtered resources.
2014-12-18 14:39:46,587 [Worker-1] INFO  o.e.m.c.i.embedder.EclipseLogger - Copying 15 resources
2014-12-18 14:39:46,603 [Worker-1] INFO  o.e.m.c.i.embedder.EclipseLogger - Using 'UTF-8' encoding to copy filtered resources.
2014-12-18 14:39:46,603 [Worker-1] INFO  o.e.m.c.i.embedder.EclipseLogger - Copying 0 resource
2014-12-18 14:40:15,268 [Worker-1] INFO  o.e.m.c.i.embedder.EclipseLogger - Using 'UTF-8' encoding to copy filtered resources.
2014-12-18 14:40:15,284 [Worker-1] INFO  o.e.m.c.i.embedder.EclipseLogger - Copying 0 resource
2014-12-18 14:40:15,284 [Worker-1] INFO  o.e.m.c.i.embedder.EclipseLogger - Using 'UTF-8' encoding to copy filtered resources.
2014-12-18 14:40:15,284 [Worker-1] INFO  o.e.m.c.i.embedder.EclipseLogger - Copying 0 resource
2014-12-18 14:42:03,063 [Worker-24] INFO  o.e.m.c.i.l.LifecycleMappingFactory - Using org.maven.ide.eclipse.wtp.WarLifecycleMapping lifecycle mapping for MavenProject: appEducacionalVaadin:appEducacionalVaadin:0.0.1-SNAPSHOT @ E:\Dropbox\git\tfg-vaadin\appEducacionalVaadin\pom.xml.
2014-12-18 14:42:35,269 [Worker-24] WARN  o.e.m.c.i.embedder.EclipseLogger - The artifact org.apache.commons:commons-io:jar:1.3.2 has been relocated to commons-io:commons-io:jar:1.3.2
2014-12-18 14:43:10,962 [Worker-24] WARN  o.e.m.c.i.embedder.EclipseLogger - The artifact org.apache.commons:commons-io:jar:1.3.2 has been relocated to commons-io:commons-io:jar:1.3.2
2014-12-18 14:43:12,761 [Worker-24] WARN  o.e.m.c.i.embedder.EclipseLogger - The artifact org.apache.commons:commons-io:jar:1.3.2 has been relocated to commons-io:commons-io:jar:1.3.2
2014-12-18 14:43:15,932 [Worker-24] INFO  o.e.m.c.i.embedder.EclipseLogger - Using 'UTF-8' encoding to copy filtered resources.
2014-12-18 14:43:15,932 [Worker-24] INFO  o.e.m.c.i.embedder.EclipseLogger - Copying 0 resource
2014-12-18 14:43:15,936 [Worker-24] INFO  o.e.m.c.i.embedder.EclipseLogger - Using 'UTF-8' encoding to copy filtered resources.
2014-12-18 14:43:15,936 [Worker-24] INFO  o.e.m.c.i.embedder.EclipseLogger - Copying 0 resource
2014-12-18 14:43:15,936 [Worker-24] INFO  o.e.m.w.i.f.ResourceFilteringBuildParticipant - Changed resources require a complete clean of filtered resources of appEducacionalVaadin
2014-12-18 14:43:15,940 [Worker-24] INFO  o.e.m.w.i.f.ResourceFilteringBuildParticipant - Executing resource filtering for appEducacionalVaadin
2014-12-18 14:43:15,956 [Worker-24] INFO  o.e.m.c.i.embedder.EclipseLogger - Using 'UTF-8' encoding to copy filtered resources.
2014-12-18 15:04:29,746 [Worker-34] WARN  o.e.m.c.i.embedder.EclipseLogger - The artifact org.apache.commons:commons-io:jar:1.3.2 has been relocated to commons-io:commons-io:jar:1.3.2
2014-12-18 15:04:31,130 [Worker-34] INFO  o.e.m.c.i.embedder.EclipseLogger - Using 'UTF-8' encoding to copy filtered resources.
2014-12-18 15:04:31,130 [Worker-34] INFO  o.e.m.c.i.embedder.EclipseLogger - Copying 15 resources
2014-12-18 15:04:31,145 [Worker-34] INFO  o.e.m.c.i.embedder.EclipseLogger - Using 'UTF-8' encoding to copy filtered resources.
2014-12-18 15:04:31,145 [Worker-34] INFO  o.e.m.c.i.embedder.EclipseLogger - Copying 0 resource
2014-12-18 15:07:01,420 [Worker-41] INFO  o.e.m.c.i.embedder.EclipseLogger - Using 'UTF-8' encoding to copy filtered resources.
2014-12-18 15:07:01,420 [Worker-41] INFO  o.e.m.c.i.embedder.EclipseLogger - Copying 0 resource
2014-12-18 15:07:01,436 [Worker-41] INFO  o.e.m.c.i.embedder.EclipseLogger - Using 'UTF-8' encoding to copy filtered resources.
2014-12-18 15:07:01,436 [Worker-41] INFO  o.e.m.c.i.embedder.EclipseLogger - Copying 0 resource
2014-12-18 15:13:12,758 [Worker-41] INFO  o.e.m.c.i.embedder.EclipseLogger - Using 'UTF-8' encoding to copy filtered resources.
2014-12-18 15:13:12,758 [Worker-41] INFO  o.e.m.c.i.embedder.EclipseLogger - Copying 0 resource
2014-12-18 15:13:12,758 [Worker-41] INFO  o.e.m.c.i.embedder.EclipseLogger - Using 'UTF-8' encoding to copy filtered resources.
2014-12-18 15:13:12,758 [Worker-41] INFO  o.e.m.c.i.embedder.EclipseLogger - Copying 0 resource
2014-12-18 15:13:48,490 [Worker-49] INFO  o.e.m.c.i.embedder.EclipseLogger - Using 'UTF-8' encoding to copy filtered resources.
2014-12-18 15:13:48,490 [Worker-49] INFO  o.e.m.c.i.embedder.EclipseLogger - Copying 0 resource
2014-12-18 15:13:48,490 [Worker-49] INFO  o.e.m.c.i.embedder.EclipseLogger - Using 'UTF-8' encoding to copy filtered resources.
2014-12-18 15:13:48,490 [Worker-49] INFO  o.e.m.c.i.embedder.EclipseLogger - Copying 0 resource
2014-12-18 15:13:50,798 [Worker-47] INFO  o.e.m.c.i.embedder.EclipseLogger - Using 'UTF-8' encoding to copy filtered resources.
2014-12-18 15:13:50,814 [Worker-47] INFO  o.e.m.c.i.embedder.EclipseLogger - Copying 0 resource
2014-12-18 15:13:50,814 [Worker-47] INFO  o.e.m.c.i.embedder.EclipseLogger - Using 'UTF-8' encoding to copy filtered resources.
2014-12-18 15:13:50,814 [Worker-47] INFO  o.e.m.c.i.embedder.EclipseLogger - Copying 0 resource
2014-12-18 15:14:41,424 [Worker-45] INFO  o.e.m.c.i.embedder.EclipseLogger - Using 'UTF-8' encoding to copy filtered resources.
2014-12-18 15:14:41,424 [Worker-45] INFO  o.e.m.c.i.embedder.EclipseLogger - Copying 0 resource
2014-12-18 15:14:41,424 [Worker-45] INFO  o.e.m.c.i.embedder.EclipseLogger - Using 'UTF-8' encoding to copy filtered resources.
2014-12-18 15:14:41,424 [Worker-45] INFO  o.e.m.c.i.embedder.EclipseLogger - Copying 0 resource
2014-12-18 15:17:10,338 [Worker-52] INFO  o.e.m.c.i.embedder.EclipseLogger - Using 'UTF-8' encoding to copy filtered resources.
2014-12-18 15:17:10,338 [Worker-52] INFO  o.e.m.c.i.embedder.EclipseLogger - Copying 0 resource
2014-12-18 15:17:10,338 [Worker-52] INFO  o.e.m.c.i.embedder.EclipseLogger - Using 'UTF-8' encoding to copy filtered resources.
2014-12-18 15:17:10,338 [Worker-52] INFO  o.e.m.c.i.embedder.EclipseLogger - Copying 0 resource
2014-12-18 15:21:29,636 [Worker-47] INFO  o.e.m.c.i.embedder.EclipseLogger - Using 'UTF-8' encoding to copy filtered resources.
2014-12-18 15:21:29,636 [Worker-47] INFO  o.e.m.c.i.embedder.EclipseLogger - Copying 0 resource
2014-12-18 15:21:29,651 [Worker-47] INFO  o.e.m.c.i.embedder.EclipseLogger - Using 'UTF-8' encoding to copy filtered resources.
2014-12-18 15:21:29,651 [Worker-47] INFO  o.e.m.c.i.embedder.EclipseLogger - Copying 0 resource
2014-12-18 15:23:36,603 [Worker-58] INFO  o.e.m.c.i.embedder.EclipseLogger - Using 'UTF-8' encoding to copy filtered resources.
2014-12-18 15:23:36,603 [Worker-58] INFO  o.e.m.c.i.embedder.EclipseLogger - Copying 0 resource
2014-12-18 15:23:36,619 [Worker-58] INFO  o.e.m.c.i.embedder.EclipseLogger - Using 'UTF-8' encoding to copy filtered resources.
2014-12-18 15:23:36,619 [Worker-58] INFO  o.e.m.c.i.embedder.EclipseLogger - Copying 0 resource
2014-12-18 15:25:14,809 [Worker-59] INFO  o.e.m.c.i.embedder.EclipseLogger - Using 'UTF-8' encoding to copy filtered resources.
2014-12-18 15:25:14,809 [Worker-59] INFO  o.e.m.c.i.embedder.EclipseLogger - Copying 0 resource
2014-12-18 15:25:14,809 [Worker-59] INFO  o.e.m.c.i.embedder.EclipseLogger - Using 'UTF-8' encoding to copy filtered resources.
2014-12-18 15:25:14,809 [Worker-59] INFO  o.e.m.c.i.embedder.EclipseLogger - Copying 0 resource
2014-12-18 15:25:43,369 [Worker-59] INFO  o.e.m.c.i.embedder.EclipseLogger - Using 'UTF-8' encoding to copy filtered resources.
2014-12-18 15:25:43,369 [Worker-59] INFO  o.e.m.c.i.embedder.EclipseLogger - Copying 0 resource
2014-12-18 15:25:43,384 [Worker-59] INFO  o.e.m.c.i.embedder.EclipseLogger - Using 'UTF-8' encoding to copy filtered resources.
2014-12-18 15:25:43,384 [Worker-59] INFO  o.e.m.c.i.embedder.EclipseLogger - Copying 0 resource
2014-12-18 15:25:48,199 [Worker-57] INFO  o.e.m.c.i.embedder.EclipseLogger - Using 'UTF-8' encoding to copy filtered resources.
2014-12-18 15:25:48,199 [Worker-57] INFO  o.e.m.c.i.embedder.EclipseLogger - Copying 0 resource
2014-12-18 15:25:48,199 [Worker-57] INFO  o.e.m.c.i.embedder.EclipseLogger - Using 'UTF-8' encoding to copy filtered resources.
2014-12-18 15:25:48,199 [Worker-57] INFO  o.e.m.c.i.embedder.EclipseLogger - Copying 0 resource
2014-12-18 15:25:54,017 [Worker-63] INFO  o.e.m.c.i.embedder.EclipseLogger - Using 'UTF-8' encoding to copy filtered resources.
2014-12-18 15:25:54,017 [Worker-63] INFO  o.e.m.c.i.embedder.EclipseLogger - Copying 0 resource
2014-12-18 15:25:54,017 [Worker-63] INFO  o.e.m.c.i.embedder.EclipseLogger - Using 'UTF-8' encoding to copy filtered resources.
2014-12-18 15:25:54,017 [Worker-63] INFO  o.e.m.c.i.embedder.EclipseLogger - Copying 0 resource
2014-12-18 15:26:21,964 [Worker-61] INFO  o.e.m.c.i.embedder.EclipseLogger - Using 'UTF-8' encoding to copy filtered resources.
2014-12-18 15:26:21,964 [Worker-61] INFO  o.e.m.c.i.embedder.EclipseLogger - Copying 0 resource
2014-12-18 15:26:21,964 [Worker-61] INFO  o.e.m.c.i.embedder.EclipseLogger - Using 'UTF-8' encoding to copy filtered resources.
2014-12-18 15:26:21,964 [Worker-61] INFO  o.e.m.c.i.embedder.EclipseLogger - Copying 0 resource
2014-12-18 15:54:55,005 [Worker-64] INFO  o.e.m.c.i.embedder.EclipseLogger - Using 'UTF-8' encoding to copy filtered resources.
2014-12-18 15:54:55,005 [Worker-64] INFO  o.e.m.c.i.embedder.EclipseLogger - Copying 0 resource
2014-12-18 15:54:55,020 [Worker-64] INFO  o.e.m.c.i.embedder.EclipseLogger - Using 'UTF-8' encoding to copy filtered resources.
2014-12-18 15:54:55,020 [Worker-64] INFO  o.e.m.c.i.embedder.EclipseLogger - Copying 0 resource
2014-12-18 15:56:13,094 [Worker-67] INFO  o.e.m.c.i.embedder.EclipseLogger - Using 'UTF-8' encoding to copy filtered resources.
2014-12-18 15:56:13,094 [Worker-67] INFO  o.e.m.c.i.embedder.EclipseLogger - Copying 0 resource
2014-12-18 15:56:13,109 [Worker-67] INFO  o.e.m.c.i.embedder.EclipseLogger - Using 'UTF-8' encoding to copy filtered resources.
2014-12-18 15:56:13,109 [Worker-67] INFO  o.e.m.c.i.embedder.EclipseLogger - Copying 0 resource
2014-12-18 15:59:19,254 [Worker-62] INFO  o.e.m.c.i.embedder.EclipseLogger - Using 'UTF-8' encoding to copy filtered resources.
2014-12-18 15:59:19,254 [Worker-62] INFO  o.e.m.c.i.embedder.EclipseLogger - Copying 0 resource
2014-12-18 15:59:19,254 [Worker-62] INFO  o.e.m.c.i.embedder.EclipseLogger - Using 'UTF-8' encoding to copy filtered resources.
2014-12-18 15:59:19,254 [Worker-62] INFO  o.e.m.c.i.embedder.EclipseLogger - Copying 0 resource
2014-12-18 16:05:44,558 [Worker-81] INFO  o.e.m.c.i.embedder.EclipseLogger - Using 'UTF-8' encoding to copy filtered resources.
2014-12-18 16:05:44,558 [Worker-81] INFO  o.e.m.c.i.embedder.EclipseLogger - Copying 0 resource
2014-12-18 16:05:44,558 [Worker-81] INFO  o.e.m.c.i.embedder.EclipseLogger - Using 'UTF-8' encoding to copy filtered resources.
2014-12-18 16:05:44,558 [Worker-81] INFO  o.e.m.c.i.embedder.EclipseLogger - Copying 0 resource
2014-12-18 16:17:07,118 [Worker-92] INFO  o.e.m.c.i.embedder.EclipseLogger - Using 'UTF-8' encoding to copy filtered resources.
2014-12-18 16:17:07,118 [Worker-92] INFO  o.e.m.c.i.embedder.EclipseLogger - Copying 0 resource
2014-12-18 16:17:07,118 [Worker-92] INFO  o.e.m.c.i.embedder.EclipseLogger - Using 'UTF-8' encoding to copy filtered resources.
2014-12-18 16:17:07,134 [Worker-92] INFO  o.e.m.c.i.embedder.EclipseLogger - Copying 0 resource
2014-12-18 16:19:59,921 [Worker-94] INFO  o.e.m.c.i.embedder.EclipseLogger - Using 'UTF-8' encoding to copy filtered resources.
2014-12-18 16:19:59,921 [Worker-94] INFO  o.e.m.c.i.embedder.EclipseLogger - Copying 0 resource
2014-12-18 16:19:59,937 [Worker-94] INFO  o.e.m.c.i.embedder.EclipseLogger - Using 'UTF-8' encoding to copy filtered resources.
2014-12-18 16:19:59,937 [Worker-94] INFO  o.e.m.c.i.embedder.EclipseLogger - Copying 0 resource
2014-12-18 16:25:13,782 [Worker-77] INFO  o.e.m.c.i.embedder.EclipseLogger - Using 'UTF-8' encoding to copy filtered resources.
2014-12-18 16:25:13,782 [Worker-77] INFO  o.e.m.c.i.embedder.EclipseLogger - Copying 0 resource
2014-12-18 16:25:13,782 [Worker-77] INFO  o.e.m.c.i.embedder.EclipseLogger - Using 'UTF-8' encoding to copy filtered resources.
2014-12-18 16:25:13,782 [Worker-77] INFO  o.e.m.c.i.embedder.EclipseLogger - Copying 0 resource
